<?xml version="1.0" encoding="UTF-8"?>
<!-- Generated by org.testng.reporters.JUnitReportReporter -->
<testsuite hostname="QT-INBG-LT1026" failures="0" tests="1" name="TestCase.VerifyOfferCode" time="15.314" errors="0" timestamp="2023-08-21T16:35:31 IST" skipped="0">
  <testcase classname="TestCase.VerifyOfferCode" name="offerCode" time="15.314"/>
  <system-out/>
</testsuite> <!-- TestCase.VerifyOfferCode -->
